<?xml version="1.0" encoding="UTF-8"?>
<!-- Generated by org.testng.reporters.JUnitReportReporter -->
<testsuite skipped="0" hostname="DESKTOP-M4J595N" name="com.envision.OrangeCRMLoginTestCase" tests="1" failures="0" timestamp="2023-04-30T18:50:34 MDT" time="30.759" errors="0">
  <testcase name="positiveLoginCase" time="30.759" classname="com.envision.OrangeCRMLoginTestCase"/>
  <system-out/>
</testsuite> <!-- com.envision.OrangeCRMLoginTestCase -->
